gyp info it worked if it ends with ok
gyp info using node-gyp@9.0.0
gyp info using node@18.0.0 | darwin | arm64
gyp info find Python using Python version 3.11.7 found at "/opt/anaconda3/bin/python3"
gyp info spawn /opt/anaconda3/bin/python3
gyp info spawn args [
gyp info spawn args   '/Users/massimo/.nvm/versions/node/v18.0.0/lib/node_modules/npm/node_modules/node-gyp/gyp/gyp_main.py',
gyp info spawn args   'binding.gyp',
gyp info spawn args   '-f',
gyp info spawn args   'make',
gyp info spawn args   '-I',
gyp info spawn args   '/Users/massimo/NFTennis/backend/node_modules/peer-id/node_modules/ursa-optional/build/config.gypi',
gyp info spawn args   '-I',
gyp info spawn args   '/Users/massimo/.nvm/versions/node/v18.0.0/lib/node_modules/npm/node_modules/node-gyp/addon.gypi',
gyp info spawn args   '-I',
gyp info spawn args   '/Users/massimo/Library/Caches/node-gyp/18.0.0/include/node/common.gypi',
gyp info spawn args   '-Dlibrary=shared_library',
gyp info spawn args   '-Dvisibility=default',
gyp info spawn args   '-Dnode_root_dir=/Users/massimo/Library/Caches/node-gyp/18.0.0',
gyp info spawn args   '-Dnode_gyp_dir=/Users/massimo/.nvm/versions/node/v18.0.0/lib/node_modules/npm/node_modules/node-gyp',
gyp info spawn args   '-Dnode_lib_file=/Users/massimo/Library/Caches/node-gyp/18.0.0/<(target_arch)/node.lib',
gyp info spawn args   '-Dmodule_root_dir=/Users/massimo/NFTennis/backend/node_modules/peer-id/node_modules/ursa-optional',
gyp info spawn args   '-Dnode_engine=v8',
gyp info spawn args   '--depth=.',
gyp info spawn args   '--no-parallel',
gyp info spawn args   '--generator-output',
gyp info spawn args   'build',
gyp info spawn args   '-Goutput_dir=.'
gyp info spawn args ]
gyp info spawn make
gyp info spawn args [ 'BUILDTYPE=Release', '-C', 'build' ]
In file included from ../src/ursaNative.cc:3:
In file included from ../src/ursaNative.h:13:
In file included from /Users/massimo/Library/Caches/node-gyp/18.0.0/include/node/openssl/rsa.h:14:
/Users/massimo/Library/Caches/node-gyp/18.0.0/include/node/openssl/macros.h:155:4: error: "OPENSSL_API_COMPAT expresses an impossible API compatibility level"
  155 | #  error "OPENSSL_API_COMPAT expresses an impossible API compatibility level"
      |    ^
1 error generated.
make: *** [Release/obj.target/ursaNative/src/ursaNative.o] Error 1
gyp ERR! build error 
gyp ERR! stack Error: `make` failed with exit code: 2
gyp ERR! stack     at ChildProcess.onExit (/Users/massimo/.nvm/versions/node/v18.0.0/lib/node_modules/npm/node_modules/node-gyp/lib/build.js:194:23)
gyp ERR! stack     at ChildProcess.emit (node:events:527:28)
gyp ERR! stack     at ChildProcess._handle.onexit (node:internal/child_process:291:12)
gyp ERR! System Darwin 24.3.0
gyp ERR! command "/Users/massimo/.nvm/versions/node/v18.0.0/bin/node" "/Users/massimo/.nvm/versions/node/v18.0.0/lib/node_modules/npm/node_modules/node-gyp/bin/node-gyp.js" "rebuild"
gyp ERR! cwd /Users/massimo/NFTennis/backend/node_modules/peer-id/node_modules/ursa-optional
gyp ERR! node -v v18.0.0
gyp ERR! node-gyp -v v9.0.0
gyp ERR! not ok 
