gyp info it worked if it ends with ok
gyp info using node-gyp@9.0.0
gyp info using node@18.0.0 | darwin | arm64
gyp info find Python using Python version 3.11.7 found at "/opt/anaconda3/bin/python3"
gyp info spawn /opt/anaconda3/bin/python3
gyp info spawn args [
gyp info spawn args   '/Users/massimo/.nvm/versions/node/v18.0.0/lib/node_modules/npm/node_modules/node-gyp/gyp/gyp_main.py',
gyp info spawn args   'binding.gyp',
gyp info spawn args   '-f',
gyp info spawn args   'make',
gyp info spawn args   '-I',
gyp info spawn args   '/Users/massimo/NFTennis/backend/node_modules/ursa-optional/build/config.gypi',
gyp info spawn args   '-I',
gyp info spawn args   '/Users/massimo/.nvm/versions/node/v18.0.0/lib/node_modules/npm/node_modules/node-gyp/addon.gypi',
gyp info spawn args   '-I',
gyp info spawn args   '/Users/massimo/Library/Caches/node-gyp/18.0.0/include/node/common.gypi',
gyp info spawn args   '-Dlibrary=shared_library',
gyp info spawn args   '-Dvisibility=default',
gyp info spawn args   '-Dnode_root_dir=/Users/massimo/Library/Caches/node-gyp/18.0.0',
gyp info spawn args   '-Dnode_gyp_dir=/Users/massimo/.nvm/versions/node/v18.0.0/lib/node_modules/npm/node_modules/node-gyp',
gyp info spawn args   '-Dnode_lib_file=/Users/massimo/Library/Caches/node-gyp/18.0.0/<(target_arch)/node.lib',
gyp info spawn args   '-Dmodule_root_dir=/Users/massimo/NFTennis/backend/node_modules/ursa-optional',
gyp info spawn args   '-Dnode_engine=v8',
gyp info spawn args   '--depth=.',
gyp info spawn args   '--no-parallel',
gyp info spawn args   '--generator-output',
gyp info spawn args   'build',
gyp info spawn args   '-Goutput_dir=.'
gyp info spawn args ]
gyp info spawn make
gyp info spawn args [ 'BUILDTYPE=Release', '-C', 'build' ]
In file included from ../src/ursaNative.cc:3:
In file included from ../src/ursaNative.h:13:
In file included from /Users/massimo/Library/Caches/node-gyp/18.0.0/include/node/openssl/rsa.h:14:
/Users/massimo/Library/Caches/node-gyp/18.0.0/include/node/openssl/macros.h:155:4: error: "OPENSSL_API_COMPAT expresses an impossible API compatibility level"
  155 | #  error "OPENSSL_API_COMPAT expresses an impossible API compatibility level"
      |    ^
../src/ursaNative.cc:543:32: error: too few arguments to function call, single argument 'isolate' was not specified
  543 |   int length = str->Utf8Length();
      |                ~~~~~~~~~~~~~~~ ^
/Users/massimo/Library/Caches/node-gyp/18.0.0/include/node/v8-primitive.h:142:7: note: 'Utf8Length' declared here
  142 |   int Utf8Length(Isolate* isolate) const;
      |       ^          ~~~~~~~~~~~~~~~~
../src/ursaNative.cc:553:18: error: cannot initialize a parameter of type 'Isolate *' with an lvalue of type 'char *'
  553 |   str->WriteUtf8(result, length + 1);
      |                  ^~~~~~
/Users/massimo/Library/Caches/node-gyp/18.0.0/include/node/v8-primitive.h:202:26: note: passing argument to parameter 'isolate' here
  202 |   int WriteUtf8(Isolate* isolate, char* buffer, int length = -1,
      |                          ^
../src/ursaNative.cc:690:68: error: too few arguments to function call, single argument 'context' was not specified
  690 |   target->Set(NanNew("RsaWrap").ToLocalChecked(), tpl->GetFunction());
      |                                                   ~~~~~~~~~~~~~~~~ ^
/Users/massimo/Library/Caches/node-gyp/18.0.0/include/node/v8-template.h:513:46: note: 'GetFunction' declared here
  513 |   V8_WARN_UNUSED_RESULT MaybeLocal<Function> GetFunction(
      |                                              ^
  514 |       Local<Context> context);
      |       ~~~~~~~~~~~~~~~~~~~~~~
../src/ursaNative.cc:690:11: error: no matching member function for call to 'Set'
  690 |   target->Set(NanNew("RsaWrap").ToLocalChecked(), tpl->GetFunction());
      |   ~~~~~~~~^~~
/Users/massimo/Library/Caches/node-gyp/18.0.0/include/node/v8-object.h:244:37: note: candidate function not viable: requires 3 arguments, but 2 were provided
  244 |   V8_WARN_UNUSED_RESULT Maybe<bool> Set(Local<Context> context,
      |                                     ^   ~~~~~~~~~~~~~~~~~~~~~~~
  245 |                                         Local<Value> key, Local<Value> value);
      |                                         ~~~~~~~~~~~~~~~~~~~~~~~~~~~~~~~~~~~~
/Users/massimo/Library/Caches/node-gyp/18.0.0/include/node/v8-object.h:247:37: note: candidate function not viable: requires 3 arguments, but 2 were provided
  247 |   V8_WARN_UNUSED_RESULT Maybe<bool> Set(Local<Context> context, uint32_t index,
      |                                     ^   ~~~~~~~~~~~~~~~~~~~~~~~~~~~~~~~~~~~~~~~
  248 |                                         Local<Value> value);
      |                                         ~~~~~~~~~~~~~~~~~~
../src/ursaNative.cc:691:38: error: too few arguments to function call, single argument 'context' was not specified
  691 |   constructor.Reset(tpl->GetFunction());
      |                     ~~~~~~~~~~~~~~~~ ^
/Users/massimo/Library/Caches/node-gyp/18.0.0/include/node/v8-template.h:513:46: note: 'GetFunction' declared here
  513 |   V8_WARN_UNUSED_RESULT MaybeLocal<Function> GetFunction(
      |                                              ^
  514 |       Local<Context> context);
      |       ~~~~~~~~~~~~~~~~~~~~~~
../src/ursaNative.cc:691:15: error: no matching member function for call to 'Reset'
  691 |   constructor.Reset(tpl->GetFunction());
      |   ~~~~~~~~~~~~^~~~~
../../nan/nan_persistent_12_inl.h:28:15: note: candidate template ignored: could not match 'Local' against 'MaybeLocal'
   28 |   inline void Reset(const v8::Local<S> &other) {
      |               ^
../../nan/nan_persistent_12_inl.h:33:15: note: candidate template ignored: could not match 'PersistentBase' against 'MaybeLocal'
   33 |   inline void Reset(const v8::PersistentBase<S> &other) {
      |               ^
../../nan/nan_persistent_12_inl.h:25:15: note: candidate function not viable: requires 0 arguments, but 1 was provided
   25 |   inline void Reset() { v8::PersistentBase<T>::Reset(); }
      |               ^
../src/ursaNative.cc:693:104: error: too few arguments to function call, single argument 'context' was not specified
  693 |   target->Set(NanNew("textToNid").ToLocalChecked(), Nan::New<FunctionTemplate>(TextToNid)->GetFunction());
      |                                                     ~~~~~~~~~~~~~~~~~~~~~~~~~~~~~~~~~~~~~~~~~~~~~~~~~~ ^
/Users/massimo/Library/Caches/node-gyp/18.0.0/include/node/v8-template.h:513:46: note: 'GetFunction' declared here
  513 |   V8_WARN_UNUSED_RESULT MaybeLocal<Function> GetFunction(
      |                                              ^
  514 |       Local<Context> context);
      |       ~~~~~~~~~~~~~~~~~~~~~~
../src/ursaNative.cc:693:11: error: no matching member function for call to 'Set'
  693 |   target->Set(NanNew("textToNid").ToLocalChecked(), Nan::New<FunctionTemplate>(TextToNid)->GetFunction());
      |   ~~~~~~~~^~~
/Users/massimo/Library/Caches/node-gyp/18.0.0/include/node/v8-object.h:244:37: note: candidate function not viable: requires 3 arguments, but 2 were provided
  244 |   V8_WARN_UNUSED_RESULT Maybe<bool> Set(Local<Context> context,
      |                                     ^   ~~~~~~~~~~~~~~~~~~~~~~~
  245 |                                         Local<Value> key, Local<Value> value);
      |                                         ~~~~~~~~~~~~~~~~~~~~~~~~~~~~~~~~~~~~
/Users/massimo/Library/Caches/node-gyp/18.0.0/include/node/v8-object.h:247:37: note: candidate function not viable: requires 3 arguments, but 2 were provided
  247 |   V8_WARN_UNUSED_RESULT Maybe<bool> Set(Local<Context> context, uint32_t index,
      |                                     ^   ~~~~~~~~~~~~~~~~~~~~~~~~~~~~~~~~~~~~~~~
  248 |                                         Local<Value> value);
      |                                         ~~~~~~~~~~~~~~~~~~
../src/ursaNative.cc:866:42: error: too few arguments to function call, single argument 'context' was not specified
  866 |   int modulusBits = args[0]->Uint32Value();
      |                     ~~~~~~~~~~~~~~~~~~~~ ^
/Users/massimo/Library/Caches/node-gyp/18.0.0/include/node/v8-value.h:416:41: note: 'Uint32Value' declared here
  416 |   V8_WARN_UNUSED_RESULT Maybe<uint32_t> Uint32Value(
      |                                         ^
  417 |       Local<Context> context) const;
      |       ~~~~~~~~~~~~~~~~~~~~~~
../src/ursaNative.cc:866:7: error: no viable conversion from 'Maybe<uint32_t>' (aka 'Maybe<unsigned int>') to 'int'
  866 |   int modulusBits = args[0]->Uint32Value();
      |       ^             ~~~~~~~~~~~~~~~~~~~~~~
../src/ursaNative.cc:867:39: error: too few arguments to function call, single argument 'context' was not specified
  867 |   int exponent = args[1]->Uint32Value();
      |                  ~~~~~~~~~~~~~~~~~~~~ ^
/Users/massimo/Library/Caches/node-gyp/18.0.0/include/node/v8-value.h:416:41: note: 'Uint32Value' declared here
  416 |   V8_WARN_UNUSED_RESULT Maybe<uint32_t> Uint32Value(
      |                                         ^
  417 |       Local<Context> context) const;
      |       ~~~~~~~~~~~~~~~~~~~~~~
../src/ursaNative.cc:867:7: error: no viable conversion from 'Maybe<uint32_t>' (aka 'Maybe<unsigned int>') to 'int'
  867 |   int exponent = args[1]->Uint32Value();
      |       ^          ~~~~~~~~~~~~~~~~~~~~~~
../src/ursaNative.cc:1103:38: error: too few arguments to function call, single argument 'context' was not specified
 1103 |   int padding = args[1]->Uint32Value();
      |                 ~~~~~~~~~~~~~~~~~~~~ ^
/Users/massimo/Library/Caches/node-gyp/18.0.0/include/node/v8-value.h:416:41: note: 'Uint32Value' declared here
  416 |   V8_WARN_UNUSED_RESULT Maybe<uint32_t> Uint32Value(
      |                                         ^
  417 |       Local<Context> context) const;
      |       ~~~~~~~~~~~~~~~~~~~~~~
../src/ursaNative.cc:1103:7: error: no viable conversion from 'Maybe<uint32_t>' (aka 'Maybe<unsigned int>') to 'int'
 1103 |   int padding = args[1]->Uint32Value();
      |       ^         ~~~~~~~~~~~~~~~~~~~~~~
../src/ursaNative.cc:1161:38: error: too few arguments to function call, single argument 'context' was not specified
 1161 |   int padding = args[1]->Uint32Value();
      |                 ~~~~~~~~~~~~~~~~~~~~ ^
/Users/massimo/Library/Caches/node-gyp/18.0.0/include/node/v8-value.h:416:41: note: 'Uint32Value' declared here
  416 |   V8_WARN_UNUSED_RESULT Maybe<uint32_t> Uint32Value(
      |                                         ^
  417 |       Local<Context> context) const;
      |       ~~~~~~~~~~~~~~~~~~~~~~
../src/ursaNative.cc:1161:7: error: no viable conversion from 'Maybe<uint32_t>' (aka 'Maybe<unsigned int>') to 'int'
 1161 |   int padding = args[1]->Uint32Value();
      |       ^         ~~~~~~~~~~~~~~~~~~~~~~
../src/ursaNative.cc:1218:38: error: too few arguments to function call, single argument 'context' was not specified
 1218 |   int padding = args[1]->Uint32Value();
      |                 ~~~~~~~~~~~~~~~~~~~~ ^
/Users/massimo/Library/Caches/node-gyp/18.0.0/include/node/v8-value.h:416:41: note: 'Uint32Value' declared here
  416 |   V8_WARN_UNUSED_RESULT Maybe<uint32_t> Uint32Value(
      |                                         ^
  417 |       Local<Context> context) const;
      |       ~~~~~~~~~~~~~~~~~~~~~~
../src/ursaNative.cc:1218:7: error: no viable conversion from 'Maybe<uint32_t>' (aka 'Maybe<unsigned int>') to 'int'
 1218 |   int padding = args[1]->Uint32Value();
      |       ^         ~~~~~~~~~~~~~~~~~~~~~~
fatal error: too many errors emitted, stopping now [-ferror-limit=]
20 errors generated.
make: *** [Release/obj.target/ursaNative/src/ursaNative.o] Error 1
gyp ERR! build error 
gyp ERR! stack Error: `make` failed with exit code: 2
gyp ERR! stack     at ChildProcess.onExit (/Users/massimo/.nvm/versions/node/v18.0.0/lib/node_modules/npm/node_modules/node-gyp/lib/build.js:194:23)
gyp ERR! stack     at ChildProcess.emit (node:events:527:28)
gyp ERR! stack     at ChildProcess._handle.onexit (node:internal/child_process:291:12)
gyp ERR! System Darwin 24.3.0
gyp ERR! command "/Users/massimo/.nvm/versions/node/v18.0.0/bin/node" "/Users/massimo/.nvm/versions/node/v18.0.0/lib/node_modules/npm/node_modules/node-gyp/bin/node-gyp.js" "rebuild"
gyp ERR! cwd /Users/massimo/NFTennis/backend/node_modules/ursa-optional
gyp ERR! node -v v18.0.0
gyp ERR! node-gyp -v v9.0.0
gyp ERR! not ok 
